h:\c++\nexusassignment\nexusassignment\debug\nexusassignment.pch
h:\c++\nexusassignment\nexusassignment\debug\vc120.pdb
h:\c++\nexusassignment\nexusassignment\debug\stdafx.obj
h:\c++\nexusassignment\nexusassignment\debug\nexusassignment.obj
h:\c++\nexusassignment\nexusassignment\debug\drawer.obj
h:\c++\nexusassignment\nexusassignment\debug\board.obj
h:\c++\nexusassignment\nexusassignment\debug\assemblyinfo.obj
h:\c++\nexusassignment\nexusassignment\debug\.netframework,version=v4.0.assemblyattributes.obj
h:\c++\nexusassignment\nexusassignment\debug\nexusassignment.form1.resources
h:\c++\nexusassignment\nexusassignment\debug\app.res
h:\c++\nexusassignment\nexusassignment\debug\nexusassignment.vcxproj.generateresource.cache
h:\c++\nexusassignment\nexusassignment\debug\nexusassignment.vcxprojresolveassemblyreference.cache
h:\c++\nexusassignment\debug\nexusassignment.pdb
h:\c++\nexusassignment\nexusassignment\debug\nexusassignment.tlog\cl.command.1.tlog
h:\c++\nexusassignment\nexusassignment\debug\nexusassignment.tlog\cl.read.1.tlog
h:\c++\nexusassignment\nexusassignment\debug\nexusassignment.tlog\cl.write.1.tlog
h:\c++\nexusassignment\nexusassignment\debug\nexusassignment.tlog\link.1480-cvtres.read.1.tlog
h:\c++\nexusassignment\nexusassignment\debug\nexusassignment.tlog\link.1480-cvtres.write.1.tlog
h:\c++\nexusassignment\nexusassignment\debug\nexusassignment.tlog\link.1480-rc.read.1.tlog
h:\c++\nexusassignment\nexusassignment\debug\nexusassignment.tlog\link.1480-rc.write.1.tlog
h:\c++\nexusassignment\nexusassignment\debug\nexusassignment.tlog\link.1480.read.1.tlog
h:\c++\nexusassignment\nexusassignment\debug\nexusassignment.tlog\link.1480.write.1.tlog
h:\c++\nexusassignment\nexusassignment\debug\nexusassignment.tlog\link.1560-cvtres.read.1.tlog
h:\c++\nexusassignment\nexusassignment\debug\nexusassignment.tlog\link.1560-cvtres.write.1.tlog
h:\c++\nexusassignment\nexusassignment\debug\nexusassignment.tlog\link.1560-rc.read.1.tlog
h:\c++\nexusassignment\nexusassignment\debug\nexusassignment.tlog\link.1560-rc.write.1.tlog
h:\c++\nexusassignment\nexusassignment\debug\nexusassignment.tlog\link.1560.read.1.tlog
h:\c++\nexusassignment\nexusassignment\debug\nexusassignment.tlog\link.1560.write.1.tlog
h:\c++\nexusassignment\nexusassignment\debug\nexusassignment.tlog\link.6312-cvtres.read.1.tlog
h:\c++\nexusassignment\nexusassignment\debug\nexusassignment.tlog\link.6312-cvtres.write.1.tlog
h:\c++\nexusassignment\nexusassignment\debug\nexusassignment.tlog\link.6312-rc.read.1.tlog
h:\c++\nexusassignment\nexusassignment\debug\nexusassignment.tlog\link.6312-rc.write.1.tlog
h:\c++\nexusassignment\nexusassignment\debug\nexusassignment.tlog\link.6312.read.1.tlog
h:\c++\nexusassignment\nexusassignment\debug\nexusassignment.tlog\link.6312.write.1.tlog
h:\c++\nexusassignment\nexusassignment\debug\nexusassignment.tlog\link.7152-cvtres.read.1.tlog
h:\c++\nexusassignment\nexusassignment\debug\nexusassignment.tlog\link.7152-cvtres.write.1.tlog
h:\c++\nexusassignment\nexusassignment\debug\nexusassignment.tlog\link.7152-rc.read.1.tlog
h:\c++\nexusassignment\nexusassignment\debug\nexusassignment.tlog\link.7152-rc.write.1.tlog
h:\c++\nexusassignment\nexusassignment\debug\nexusassignment.tlog\link.7152.read.1.tlog
h:\c++\nexusassignment\nexusassignment\debug\nexusassignment.tlog\link.7152.write.1.tlog
h:\c++\nexusassignment\nexusassignment\debug\nexusassignment.tlog\link.command.1.tlog
h:\c++\nexusassignment\nexusassignment\debug\nexusassignment.tlog\link.read.1.tlog
h:\c++\nexusassignment\nexusassignment\debug\nexusassignment.tlog\link.write.1.tlog
h:\c++\nexusassignment\nexusassignment\debug\nexusassignment.tlog\metagen.read.1.tlog
h:\c++\nexusassignment\nexusassignment\debug\nexusassignment.tlog\metagen.write.1.tlog
h:\c++\nexusassignment\nexusassignment\debug\nexusassignment.tlog\nexusassignment.write.1u.tlog
h:\c++\nexusassignment\nexusassignment\debug\nexusassignment.tlog\rc.command.1.tlog
h:\c++\nexusassignment\nexusassignment\debug\nexusassignment.tlog\rc.read.1.tlog
h:\c++\nexusassignment\nexusassignment\debug\nexusassignment.tlog\rc.write.1.tlog
h:\c++\nexusassignment\nexusassignment\debug\nexusassignment.tlog\rsaenh.dll.bi
h:\c++\nexusassignment\nexusassignment\debug\nexusassignment.tlog\tzres.dll.bi
